<?xml version="1.0" encoding="UTF-8" ?>
<testsuite errors="0" failures="0" hostname="DESKTOP-CKH7M1A" name="junit.TestCalculator" skipped="0" tests="5" time="0.087" timestamp="2020-07-29T15:26:53">
  <properties>
[...]
</properties>
  <testcase classname="junit.TestCalculator" name="testDivideByZero" time="0.004" />
  <testcase classname="junit.TestCalculator" name="testAdd" time="0.001" />
  <testcase classname="junit.TestCalculator" name="testSubtract" time="0.0" />
  <testcase classname="junit.TestCalculator" name="testDivide" time="0.0" />
  <testcase classname="junit.TestCalculator" name="testMultiply" time="0.0" />
  <system-out><![CDATA[]]></system-out>
  <system-err><![CDATA[]]></system-err>
</testsuite>
